[debug] [2024-02-24T23:42:36.657Z] ----------------------------------------------------------------------
[debug] [2024-02-24T23:42:36.659Z] Command:       C:\Program Files\nodejs\node.exe C:\Users\Work\AppData\Roaming\npm\node_modules\firebase-tools\lib\bin\firebase.js serve
[debug] [2024-02-24T23:42:36.660Z] CLI Version:   12.4.6
[debug] [2024-02-24T23:42:36.660Z] Platform:      win32
[debug] [2024-02-24T23:42:36.660Z] Node Version:  v20.11.0
[debug] [2024-02-24T23:42:36.660Z] Time:          Sat Feb 24 2024 18:42:36 GMT-0500 (Eastern Standard Time)
[debug] [2024-02-24T23:42:36.661Z] ----------------------------------------------------------------------
[debug] 
[debug] [2024-02-24T23:42:36.734Z] > command requires scopes: ["email","openid","https://www.googleapis.com/auth/cloudplatformprojects.readonly","https://www.googleapis.com/auth/firebase","https://www.googleapis.com/auth/cloud-platform"]
[debug] [2024-02-24T23:42:36.734Z] > authorizing via signed-in user (stevenbenbooth@gmail.com)
[debug] [2024-02-24T23:42:36.734Z] [iam] checking project personal-website-fb949 for permissions ["firebase.projects.get"]
[debug] [2024-02-24T23:42:36.736Z] >>> [apiv2][query] POST https://cloudresourcemanager.googleapis.com/v1/projects/personal-website-fb949:testIamPermissions [none]
[debug] [2024-02-24T23:42:36.736Z] >>> [apiv2][(partial)header] POST https://cloudresourcemanager.googleapis.com/v1/projects/personal-website-fb949:testIamPermissions x-goog-quota-user=projects/personal-website-fb949
[debug] [2024-02-24T23:42:36.736Z] >>> [apiv2][body] POST https://cloudresourcemanager.googleapis.com/v1/projects/personal-website-fb949:testIamPermissions {"permissions":["firebase.projects.get"]}
[debug] [2024-02-24T23:42:36.949Z] <<< [apiv2][status] POST https://cloudresourcemanager.googleapis.com/v1/projects/personal-website-fb949:testIamPermissions 200
[debug] [2024-02-24T23:42:36.950Z] <<< [apiv2][body] POST https://cloudresourcemanager.googleapis.com/v1/projects/personal-website-fb949:testIamPermissions {"permissions":["firebase.projects.get"]}
[debug] [2024-02-24T23:42:36.950Z] >>> [apiv2][query] GET https://firebase.googleapis.com/v1beta1/projects/personal-website-fb949 [none]
[debug] [2024-02-24T23:42:37.254Z] <<< [apiv2][status] GET https://firebase.googleapis.com/v1beta1/projects/personal-website-fb949 200
[debug] [2024-02-24T23:42:37.254Z] <<< [apiv2][body] GET https://firebase.googleapis.com/v1beta1/projects/personal-website-fb949 {"projectId":"personal-website-fb949","projectNumber":"907733938444","displayName":"personal-website","name":"projects/personal-website-fb949","resources":{"hostingSite":"personal-website-fb949"},"state":"ACTIVE","etag":"1_0a1d5316-52cd-455b-ba32-175946315065"}
[info] 
[info] === Serving from 'D:\dev\sites\steven-booth'...
[info] 
[debug] [2024-02-24T23:42:37.257Z] >>> [apiv2][query] GET https://firebasehosting.googleapis.com/v1beta1/projects/personal-website-fb949/sites 
[debug] [2024-02-24T23:42:37.645Z] <<< [apiv2][status] GET https://firebasehosting.googleapis.com/v1beta1/projects/personal-website-fb949/sites 200
[debug] [2024-02-24T23:42:37.645Z] <<< [apiv2][body] GET https://firebasehosting.googleapis.com/v1beta1/projects/personal-website-fb949/sites {"sites":[{"name":"projects/personal-website-fb949/sites/personal-website-fb949","defaultUrl":"https://personal-website-fb949.web.app","type":"DEFAULT_SITE"}]}
[debug] [2024-02-24T23:42:37.645Z] >>> [apiv2][query] GET https://firebase.googleapis.com/v1beta1/projects/personal-website-fb949/webApps/-/config [none]
[debug] [2024-02-24T23:42:37.988Z] <<< [apiv2][status] GET https://firebase.googleapis.com/v1beta1/projects/personal-website-fb949/webApps/-/config 200
[debug] [2024-02-24T23:42:37.988Z] <<< [apiv2][body] GET https://firebase.googleapis.com/v1beta1/projects/personal-website-fb949/webApps/-/config {"projectId":"personal-website-fb949","storageBucket":"personal-website-fb949.appspot.com","apiKey":"AIzaSyCbRh-8BXSfirs_1fimab1QHPFM0rn4AuI","authDomain":"personal-website-fb949.firebaseapp.com","messagingSenderId":"907733938444"}
[debug] [2024-02-24T23:42:37.993Z] >>> [apiv2][query] GET https://firebase.googleapis.com/v1beta1/projects/personal-website-fb949 [none]
[debug] [2024-02-24T23:42:38.193Z] <<< [apiv2][status] GET https://firebase.googleapis.com/v1beta1/projects/personal-website-fb949 200
[debug] [2024-02-24T23:42:38.193Z] <<< [apiv2][body] GET https://firebase.googleapis.com/v1beta1/projects/personal-website-fb949 {"projectId":"personal-website-fb949","projectNumber":"907733938444","displayName":"personal-website","name":"projects/personal-website-fb949","resources":{"hostingSite":"personal-website-fb949"},"state":"ACTIVE","etag":"1_0a1d5316-52cd-455b-ba32-175946315065"}
[info] i  hosting[personal-website-fb949]: Serving hosting files from: static {"metadata":{"emulator":{"name":"hosting"},"message":"Serving hosting files from: \u001b[1mstatic\u001b[22m"}}
[info] +  hosting[personal-website-fb949]: Local server: http://localhost:5000 {"metadata":{"emulator":{"name":"hosting"},"message":"Local server: \u001b[4m\u001b[1mhttp://localhost:5000\u001b[22m\u001b[24m"}}
[info] [hosting] Cloud Run rewrite {"source":"**","run":{"serviceId":"flask-fire","region":"us-central1"}} triggered
[info] [hosting] Looking up Cloud Run service "/projects/personal-website-fb949/locations/us-central1/services/flask-fire" for its URL
[debug] [2024-02-24T23:42:42.818Z] >>> [apiv2][query] GET https://run.googleapis.com/v1/projects/personal-website-fb949/locations/us-central1/services/flask-fire [none]
[debug] [2024-02-24T23:42:43.118Z] <<< [apiv2][status] GET https://run.googleapis.com/v1/projects/personal-website-fb949/locations/us-central1/services/flask-fire 403
[debug] [2024-02-24T23:42:43.118Z] <<< [apiv2][body] GET https://run.googleapis.com/v1/projects/personal-website-fb949/locations/us-central1/services/flask-fire {"error":{"code":403,"message":"Cloud Run Admin API has not been used in project personal-website-fb949 before or it is disabled. Enable it by visiting https://console.developers.google.com/apis/api/run.googleapis.com/overview?project=personal-website-fb949 then retry. If you enabled this API recently, wait a few minutes for the action to propagate to our systems and retry.","status":"PERMISSION_DENIED","details":[{"@type":"type.googleapis.com/google.rpc.Help","links":[{"description":"Google developers console API activation","url":"https://console.developers.google.com/apis/api/run.googleapis.com/overview?project=personal-website-fb949"}]},{"@type":"type.googleapis.com/google.rpc.ErrorInfo","reason":"SERVICE_DISABLED","domain":"googleapis.com","metadata":{"consumer":"projects/personal-website-fb949","service":"run.googleapis.com"}}]}}
[error] A problem occurred while trying to handle a proxied rewrite: FirebaseError: Error looking up URL for Cloud Run service: FirebaseError: HTTP Error: 403, Cloud Run Admin API has not been used in project personal-website-fb949 before or it is disabled. Enable it by visiting https://console.developers.google.com/apis/api/run.googleapis.com/overview?project=personal-website-fb949 then retry. If you enabled this API recently, wait a few minutes for the action to propagate to our systems and retry.
[info] i  hosting: ::1 - - [24/Feb/2024:23:42:43 +0000] "GET / HTTP/1.1" 500 - "-" "Mozilla/5.0 (Windows NT 10.0; Win64; x64; rv:123.0) Gecko/20100101 Firefox/123.0" {"metadata":{"emulator":{"name":"hosting"},"message":"::1 - - [24/Feb/2024:23:42:43 +0000] \"GET / HTTP/1.1\" 500 - \"-\" \"Mozilla/5.0 (Windows NT 10.0; Win64; x64; rv:123.0) Gecko/20100101 Firefox/123.0\""}}
[info] [hosting] Cloud Run rewrite {"source":"**","run":{"serviceId":"flask-fire","region":"us-central1"}} triggered
[info] [hosting] Looking up Cloud Run service "/projects/personal-website-fb949/locations/us-central1/services/flask-fire" for its URL
[debug] [2024-02-24T23:42:43.172Z] >>> [apiv2][query] GET https://run.googleapis.com/v1/projects/personal-website-fb949/locations/us-central1/services/flask-fire [none]
[debug] [2024-02-24T23:42:43.437Z] <<< [apiv2][status] GET https://run.googleapis.com/v1/projects/personal-website-fb949/locations/us-central1/services/flask-fire 403
[debug] [2024-02-24T23:42:43.438Z] <<< [apiv2][body] GET https://run.googleapis.com/v1/projects/personal-website-fb949/locations/us-central1/services/flask-fire {"error":{"code":403,"message":"Cloud Run Admin API has not been used in project personal-website-fb949 before or it is disabled. Enable it by visiting https://console.developers.google.com/apis/api/run.googleapis.com/overview?project=personal-website-fb949 then retry. If you enabled this API recently, wait a few minutes for the action to propagate to our systems and retry.","status":"PERMISSION_DENIED","details":[{"@type":"type.googleapis.com/google.rpc.Help","links":[{"description":"Google developers console API activation","url":"https://console.developers.google.com/apis/api/run.googleapis.com/overview?project=personal-website-fb949"}]},{"@type":"type.googleapis.com/google.rpc.ErrorInfo","reason":"SERVICE_DISABLED","domain":"googleapis.com","metadata":{"consumer":"projects/personal-website-fb949","service":"run.googleapis.com"}}]}}
[error] A problem occurred while trying to handle a proxied rewrite: FirebaseError: Error looking up URL for Cloud Run service: FirebaseError: HTTP Error: 403, Cloud Run Admin API has not been used in project personal-website-fb949 before or it is disabled. Enable it by visiting https://console.developers.google.com/apis/api/run.googleapis.com/overview?project=personal-website-fb949 then retry. If you enabled this API recently, wait a few minutes for the action to propagate to our systems and retry.
[info] i  hosting: ::1 - - [24/Feb/2024:23:42:43 +0000] "GET /favicon.ico HTTP/1.1" 500 - "http://localhost:5000/" "Mozilla/5.0 (Windows NT 10.0; Win64; x64; rv:123.0) Gecko/20100101 Firefox/123.0" {"metadata":{"emulator":{"name":"hosting"},"message":"::1 - - [24/Feb/2024:23:42:43 +0000] \"GET /favicon.ico HTTP/1.1\" 500 - \"http://localhost:5000/\" \"Mozilla/5.0 (Windows NT 10.0; Win64; x64; rv:123.0) Gecko/20100101 Firefox/123.0\""}}
[info] [hosting] Cloud Run rewrite {"source":"**","run":{"serviceId":"flask-fire","region":"us-central1"}} triggered
[info] [hosting] Looking up Cloud Run service "/projects/personal-website-fb949/locations/us-central1/services/flask-fire" for its URL
[debug] [2024-02-24T23:44:36.162Z] >>> [apiv2][query] GET https://run.googleapis.com/v1/projects/personal-website-fb949/locations/us-central1/services/flask-fire [none]
[debug] [2024-02-24T23:44:36.517Z] <<< [apiv2][status] GET https://run.googleapis.com/v1/projects/personal-website-fb949/locations/us-central1/services/flask-fire 404
[debug] [2024-02-24T23:44:36.517Z] <<< [apiv2][body] GET https://run.googleapis.com/v1/projects/personal-website-fb949/locations/us-central1/services/flask-fire {"error":{"code":404,"message":"Resource 'flask-fire' of kind 'SERVICE' in region 'us-central1' in project 'personal-website-fb949' does not exist.","status":"NOT_FOUND"}}
[error] A problem occurred while trying to handle a proxied rewrite: FirebaseError: Error looking up URL for Cloud Run service: FirebaseError: HTTP Error: 404, Resource 'flask-fire' of kind 'SERVICE' in region 'us-central1' in project 'personal-website-fb949' does not exist.
[info] i  hosting: ::1 - - [24/Feb/2024:23:44:36 +0000] "GET / HTTP/1.1" 500 - "-" "Mozilla/5.0 (Windows NT 10.0; Win64; x64; rv:123.0) Gecko/20100101 Firefox/123.0" {"metadata":{"emulator":{"name":"hosting"},"message":"::1 - - [24/Feb/2024:23:44:36 +0000] \"GET / HTTP/1.1\" 500 - \"-\" \"Mozilla/5.0 (Windows NT 10.0; Win64; x64; rv:123.0) Gecko/20100101 Firefox/123.0\""}}
[info] [hosting] Cloud Run rewrite {"source":"**","run":{"serviceId":"flask-fire","region":"us-central1"}} triggered
[info] [hosting] Looking up Cloud Run service "/projects/personal-website-fb949/locations/us-central1/services/flask-fire" for its URL
[debug] [2024-02-24T23:44:36.556Z] >>> [apiv2][query] GET https://run.googleapis.com/v1/projects/personal-website-fb949/locations/us-central1/services/flask-fire [none]
[debug] [2024-02-24T23:44:36.702Z] <<< [apiv2][status] GET https://run.googleapis.com/v1/projects/personal-website-fb949/locations/us-central1/services/flask-fire 404
[debug] [2024-02-24T23:44:36.702Z] <<< [apiv2][body] GET https://run.googleapis.com/v1/projects/personal-website-fb949/locations/us-central1/services/flask-fire {"error":{"code":404,"message":"Resource 'flask-fire' of kind 'SERVICE' in region 'us-central1' in project 'personal-website-fb949' does not exist.","status":"NOT_FOUND"}}
[error] A problem occurred while trying to handle a proxied rewrite: FirebaseError: Error looking up URL for Cloud Run service: FirebaseError: HTTP Error: 404, Resource 'flask-fire' of kind 'SERVICE' in region 'us-central1' in project 'personal-website-fb949' does not exist.
[info] i  hosting: ::1 - - [24/Feb/2024:23:44:36 +0000] "GET /favicon.ico HTTP/1.1" 500 - "http://localhost:5000/" "Mozilla/5.0 (Windows NT 10.0; Win64; x64; rv:123.0) Gecko/20100101 Firefox/123.0" {"metadata":{"emulator":{"name":"hosting"},"message":"::1 - - [24/Feb/2024:23:44:36 +0000] \"GET /favicon.ico HTTP/1.1\" 500 - \"http://localhost:5000/\" \"Mozilla/5.0 (Windows NT 10.0; Win64; x64; rv:123.0) Gecko/20100101 Firefox/123.0\""}}
[debug] [2024-02-25T00:37:42.959Z] ----------------------------------------------------------------------
[debug] [2024-02-25T00:37:42.961Z] Command:       C:\Program Files\nodejs\node.exe C:\Users\Work\AppData\Roaming\npm\node_modules\firebase-tools\lib\bin\firebase.js serve
[debug] [2024-02-25T00:37:42.961Z] CLI Version:   12.4.6
[debug] [2024-02-25T00:37:42.962Z] Platform:      win32
[debug] [2024-02-25T00:37:42.962Z] Node Version:  v20.11.0
[debug] [2024-02-25T00:37:42.962Z] Time:          Sat Feb 24 2024 19:37:42 GMT-0500 (Eastern Standard Time)
[debug] [2024-02-25T00:37:42.962Z] ----------------------------------------------------------------------
[debug] 
[debug] [2024-02-25T00:37:43.026Z] > command requires scopes: ["email","openid","https://www.googleapis.com/auth/cloudplatformprojects.readonly","https://www.googleapis.com/auth/firebase","https://www.googleapis.com/auth/cloud-platform"]
[debug] [2024-02-25T00:37:43.026Z] > authorizing via signed-in user (stevenbenbooth@gmail.com)
[debug] [2024-02-25T00:37:43.026Z] [iam] checking project personal-website-fb949 for permissions ["firebase.projects.get"]
[debug] [2024-02-25T00:37:43.027Z] > refreshing access token with scopes: []
[debug] [2024-02-25T00:37:43.029Z] >>> [apiv2][query] POST https://www.googleapis.com/oauth2/v3/token [none]
[debug] [2024-02-25T00:37:43.029Z] >>> [apiv2][body] POST https://www.googleapis.com/oauth2/v3/token [omitted]
[debug] [2024-02-25T00:37:43.258Z] <<< [apiv2][status] POST https://www.googleapis.com/oauth2/v3/token 200
[debug] [2024-02-25T00:37:43.258Z] <<< [apiv2][body] POST https://www.googleapis.com/oauth2/v3/token [omitted]
[debug] [2024-02-25T00:37:43.269Z] >>> [apiv2][query] POST https://cloudresourcemanager.googleapis.com/v1/projects/personal-website-fb949:testIamPermissions [none]
[debug] [2024-02-25T00:37:43.269Z] >>> [apiv2][(partial)header] POST https://cloudresourcemanager.googleapis.com/v1/projects/personal-website-fb949:testIamPermissions x-goog-quota-user=projects/personal-website-fb949
[debug] [2024-02-25T00:37:43.269Z] >>> [apiv2][body] POST https://cloudresourcemanager.googleapis.com/v1/projects/personal-website-fb949:testIamPermissions {"permissions":["firebase.projects.get"]}
[debug] [2024-02-25T00:37:43.511Z] <<< [apiv2][status] POST https://cloudresourcemanager.googleapis.com/v1/projects/personal-website-fb949:testIamPermissions 200
[debug] [2024-02-25T00:37:43.511Z] <<< [apiv2][body] POST https://cloudresourcemanager.googleapis.com/v1/projects/personal-website-fb949:testIamPermissions {"permissions":["firebase.projects.get"]}
[debug] [2024-02-25T00:37:43.511Z] >>> [apiv2][query] GET https://firebase.googleapis.com/v1beta1/projects/personal-website-fb949 [none]
[debug] [2024-02-25T00:37:43.742Z] <<< [apiv2][status] GET https://firebase.googleapis.com/v1beta1/projects/personal-website-fb949 200
[debug] [2024-02-25T00:37:43.742Z] <<< [apiv2][body] GET https://firebase.googleapis.com/v1beta1/projects/personal-website-fb949 {"projectId":"personal-website-fb949","projectNumber":"907733938444","displayName":"personal-website","name":"projects/personal-website-fb949","resources":{"hostingSite":"personal-website-fb949"},"state":"ACTIVE","etag":"1_06f88f6c-f754-4963-adf1-ef7b4bd382fa"}
[info] 
[info] === Serving from 'D:\dev\sites\steven-booth'...
[info] 
[debug] [2024-02-25T00:37:43.745Z] >>> [apiv2][query] GET https://firebasehosting.googleapis.com/v1beta1/projects/personal-website-fb949/sites 
[debug] [2024-02-25T00:37:44.126Z] <<< [apiv2][status] GET https://firebasehosting.googleapis.com/v1beta1/projects/personal-website-fb949/sites 200
[debug] [2024-02-25T00:37:44.126Z] <<< [apiv2][body] GET https://firebasehosting.googleapis.com/v1beta1/projects/personal-website-fb949/sites {"sites":[{"name":"projects/personal-website-fb949/sites/personal-website-fb949","defaultUrl":"https://personal-website-fb949.web.app","type":"DEFAULT_SITE"}]}
[debug] [2024-02-25T00:37:44.126Z] >>> [apiv2][query] GET https://firebase.googleapis.com/v1beta1/projects/personal-website-fb949/webApps/-/config [none]
[debug] [2024-02-25T00:37:44.481Z] <<< [apiv2][status] GET https://firebase.googleapis.com/v1beta1/projects/personal-website-fb949/webApps/-/config 200
[debug] [2024-02-25T00:37:44.481Z] <<< [apiv2][body] GET https://firebase.googleapis.com/v1beta1/projects/personal-website-fb949/webApps/-/config {"projectId":"personal-website-fb949","storageBucket":"personal-website-fb949.appspot.com","apiKey":"AIzaSyCbRh-8BXSfirs_1fimab1QHPFM0rn4AuI","authDomain":"personal-website-fb949.firebaseapp.com","messagingSenderId":"907733938444"}
[debug] [2024-02-25T00:37:44.488Z] >>> [apiv2][query] GET https://firebase.googleapis.com/v1beta1/projects/personal-website-fb949 [none]
[debug] [2024-02-25T00:37:44.715Z] <<< [apiv2][status] GET https://firebase.googleapis.com/v1beta1/projects/personal-website-fb949 200
[debug] [2024-02-25T00:37:44.715Z] <<< [apiv2][body] GET https://firebase.googleapis.com/v1beta1/projects/personal-website-fb949 {"projectId":"personal-website-fb949","projectNumber":"907733938444","displayName":"personal-website","name":"projects/personal-website-fb949","resources":{"hostingSite":"personal-website-fb949"},"state":"ACTIVE","etag":"1_06f88f6c-f754-4963-adf1-ef7b4bd382fa"}
[info] i  hosting[personal-website-fb949]: Serving hosting files from: static {"metadata":{"emulator":{"name":"hosting"},"message":"Serving hosting files from: \u001b[1mstatic\u001b[22m"}}
[info] +  hosting[personal-website-fb949]: Local server: http://localhost:5000 {"metadata":{"emulator":{"name":"hosting"},"message":"Local server: \u001b[4m\u001b[1mhttp://localhost:5000\u001b[22m\u001b[24m"}}
[info] [hosting] Cloud Run rewrite {"source":"**","run":{"serviceId":"flask-fire","region":"us-east1"}} triggered
[info] [hosting] Looking up Cloud Run service "/projects/personal-website-fb949/locations/us-east1/services/flask-fire" for its URL
[debug] [2024-02-25T00:37:49.025Z] >>> [apiv2][query] GET https://run.googleapis.com/v1/projects/personal-website-fb949/locations/us-east1/services/flask-fire [none]
[debug] [2024-02-25T00:37:49.369Z] <<< [apiv2][status] GET https://run.googleapis.com/v1/projects/personal-website-fb949/locations/us-east1/services/flask-fire 200
[debug] [2024-02-25T00:37:49.370Z] <<< [apiv2][body] GET https://run.googleapis.com/v1/projects/personal-website-fb949/locations/us-east1/services/flask-fire {"apiVersion":"serving.knative.dev/v1","kind":"Service","metadata":{"name":"flask-fire","namespace":"907733938444","selfLink":"/apis/serving.knative.dev/v1/namespaces/907733938444/services/flask-fire","uid":"cdf5c6fa-9f42-41d2-97ea-a11134f57555","resourceVersion":"AAYSKfDfyHc","generation":2,"labels":{"cloud.googleapis.com/location":"us-east1"},"annotations":{"run.googleapis.com/client-name":"gcloud","serving.knative.dev/creator":"stevenbenbooth@gmail.com","serving.knative.dev/lastModifier":"stevenbenbooth@gmail.com","run.googleapis.com/client-version":"463.0.0","run.googleapis.com/operation-id":"bf36c3da-42ae-417b-b7e8-789f914bd3c9","run.googleapis.com/ingress":"all","run.googleapis.com/ingress-status":"all"},"creationTimestamp":"2024-02-25T00:24:32.091098Z"},"spec":{"template":{"metadata":{"labels":{"client.knative.dev/nonce":"tcdkcugbjx","run.googleapis.com/startupProbeType":"Default"},"annotations":{"run.googleapis.com/client-name":"gcloud","run.googleapis.com/client-version":"463.0.0","autoscaling.knative.dev/maxScale":"100","run.googleapis.com/startup-cpu-boost":"true"}},"spec":{"containerConcurrency":80,"timeoutSeconds":300,"serviceAccountName":"907733938444-compute@developer.gserviceaccount.com","containers":[{"image":"gcr.io/personal-website-fb949/flask-fire","resources":{"limits":{"cpu":"1000m","memory":"512Mi"}},"ports":[{"name":"http1","containerPort":8080}],"startupProbe":{"timeoutSeconds":240,"periodSeconds":240,"failureThreshold":1,"tcpSocket":{"port":8080}}}]}},"traffic":[{"percent":100,"latestRevision":true}]},"status":{"observedGeneration":2,"conditions":[{"type":"Ready","status":"True","lastTransitionTime":"2024-02-25T00:33:24.420727Z"},{"type":"ConfigurationsReady","status":"True","lastTransitionTime":"2024-02-25T00:24:32.639368Z"},{"type":"RoutesReady","status":"True","lastTransitionTime":"2024-02-25T00:33:24.363753Z"}],"latestReadyRevisionName":"flask-fire-00002-745","latestCreatedRevisionName":"flask-fire-00002-745","traffic":[{"revisionName":"flask-fire-00002-745","percent":100,"latestRevision":true}],"url":"https://flask-fire-hwumdykvda-ue.a.run.app","address":{"url":"https://flask-fire-hwumdykvda-ue.a.run.app"}}}
[info] [hosting] Rewriting / to https://flask-fire-hwumdykvda-ue.a.run.app for Cloud Run service "flask-fire" for region "us-east1"
[debug] [2024-02-25T00:37:49.371Z] >>> [apiv2][query] GET https://flask-fire-hwumdykvda-ue.a.run.app/ 
[debug] [2024-02-25T00:37:49.527Z] <<< [apiv2][status] GET https://flask-fire-hwumdykvda-ue.a.run.app/ 200
[debug] [2024-02-25T00:37:49.528Z] <<< [apiv2][body] GET https://flask-fire-hwumdykvda-ue.a.run.app/ [stream]
[info] i  hosting: ::1 - - [25/Feb/2024:00:37:49 +0000] "GET / HTTP/1.1" 200 1666 "-" "Mozilla/5.0 (Windows NT 10.0; Win64; x64; rv:123.0) Gecko/20100101 Firefox/123.0" {"metadata":{"emulator":{"name":"hosting"},"message":"::1 - - [25/Feb/2024:00:37:49 +0000] \"GET / HTTP/1.1\" 200 1666 \"-\" \"Mozilla/5.0 (Windows NT 10.0; Win64; x64; rv:123.0) Gecko/20100101 Firefox/123.0\""}}
[info] [hosting] Cloud Run rewrite {"source":"**","run":{"serviceId":"flask-fire","region":"us-east1"}} triggered
[info] [hosting] Rewriting /static/style.css to https://flask-fire-hwumdykvda-ue.a.run.app for Cloud Run service "flask-fire" for region "us-east1"
[debug] [2024-02-25T00:37:49.560Z] >>> [apiv2][query] GET https://flask-fire-hwumdykvda-ue.a.run.app/static/style.css 
[debug] [2024-02-25T00:37:49.612Z] <<< [apiv2][status] GET https://flask-fire-hwumdykvda-ue.a.run.app/static/style.css 200
[debug] [2024-02-25T00:37:49.612Z] <<< [apiv2][body] GET https://flask-fire-hwumdykvda-ue.a.run.app/static/style.css [stream]
[info] i  hosting: ::1 - - [25/Feb/2024:00:37:49 +0000] "GET /static/style.css HTTP/1.1" 200 514 "http://localhost:5000/" "Mozilla/5.0 (Windows NT 10.0; Win64; x64; rv:123.0) Gecko/20100101 Firefox/123.0" {"metadata":{"emulator":{"name":"hosting"},"message":"::1 - - [25/Feb/2024:00:37:49 +0000] \"GET /static/style.css HTTP/1.1\" 200 514 \"http://localhost:5000/\" \"Mozilla/5.0 (Windows NT 10.0; Win64; x64; rv:123.0) Gecko/20100101 Firefox/123.0\""}}
[info] [hosting] Cloud Run rewrite {"source":"**","run":{"serviceId":"flask-fire","region":"us-east1"}} triggered
[info] [hosting] Rewriting /favicon.ico to https://flask-fire-hwumdykvda-ue.a.run.app for Cloud Run service "flask-fire" for region "us-east1"
[debug] [2024-02-25T00:37:49.620Z] >>> [apiv2][query] GET https://flask-fire-hwumdykvda-ue.a.run.app/favicon.ico 
[debug] [2024-02-25T00:37:49.672Z] <<< [apiv2][status] GET https://flask-fire-hwumdykvda-ue.a.run.app/favicon.ico 404
[debug] [2024-02-25T00:37:49.672Z] <<< [apiv2][body] GET https://flask-fire-hwumdykvda-ue.a.run.app/favicon.ico [stream]
[info] i  hosting: ::1 - - [25/Feb/2024:00:37:49 +0000] "GET /favicon.ico HTTP/1.1" 404 207 "http://localhost:5000/" "Mozilla/5.0 (Windows NT 10.0; Win64; x64; rv:123.0) Gecko/20100101 Firefox/123.0" {"metadata":{"emulator":{"name":"hosting"},"message":"::1 - - [25/Feb/2024:00:37:49 +0000] \"GET /favicon.ico HTTP/1.1\" 404 207 \"http://localhost:5000/\" \"Mozilla/5.0 (Windows NT 10.0; Win64; x64; rv:123.0) Gecko/20100101 Firefox/123.0\""}}
[info] [hosting] Cloud Run rewrite {"source":"**","run":{"serviceId":"flask-fire","region":"us-east1"}} triggered
[info] [hosting] Rewriting /reviews/ to https://flask-fire-hwumdykvda-ue.a.run.app for Cloud Run service "flask-fire" for region "us-east1"
[debug] [2024-02-25T00:37:51.142Z] >>> [apiv2][query] GET https://flask-fire-hwumdykvda-ue.a.run.app/reviews/ 
[debug] [2024-02-25T00:37:51.209Z] <<< [apiv2][status] GET https://flask-fire-hwumdykvda-ue.a.run.app/reviews/ 200
[debug] [2024-02-25T00:37:51.209Z] <<< [apiv2][body] GET https://flask-fire-hwumdykvda-ue.a.run.app/reviews/ [stream]
[info] i  hosting: ::1 - - [25/Feb/2024:00:37:51 +0000] "GET /reviews/ HTTP/1.1" 200 3922 "http://localhost:5000/" "Mozilla/5.0 (Windows NT 10.0; Win64; x64; rv:123.0) Gecko/20100101 Firefox/123.0" {"metadata":{"emulator":{"name":"hosting"},"message":"::1 - - [25/Feb/2024:00:37:51 +0000] \"GET /reviews/ HTTP/1.1\" 200 3922 \"http://localhost:5000/\" \"Mozilla/5.0 (Windows NT 10.0; Win64; x64; rv:123.0) Gecko/20100101 Firefox/123.0\""}}
[info] [hosting] Cloud Run rewrite {"source":"**","run":{"serviceId":"flask-fire","region":"us-east1"}} triggered
[info] [hosting] Rewriting /static/style.css to https://flask-fire-hwumdykvda-ue.a.run.app for Cloud Run service "flask-fire" for region "us-east1"
[debug] [2024-02-25T00:37:51.240Z] >>> [apiv2][query] GET https://flask-fire-hwumdykvda-ue.a.run.app/static/style.css 
[debug] [2024-02-25T00:37:51.304Z] <<< [apiv2][status] GET https://flask-fire-hwumdykvda-ue.a.run.app/static/style.css 200
[debug] [2024-02-25T00:37:51.304Z] <<< [apiv2][body] GET https://flask-fire-hwumdykvda-ue.a.run.app/static/style.css [stream]
[info] i  hosting: ::1 - - [25/Feb/2024:00:37:51 +0000] "GET /static/style.css HTTP/1.1" 200 514 "http://localhost:5000/reviews/" "Mozilla/5.0 (Windows NT 10.0; Win64; x64; rv:123.0) Gecko/20100101 Firefox/123.0" {"metadata":{"emulator":{"name":"hosting"},"message":"::1 - - [25/Feb/2024:00:37:51 +0000] \"GET /static/style.css HTTP/1.1\" 200 514 \"http://localhost:5000/reviews/\" \"Mozilla/5.0 (Windows NT 10.0; Win64; x64; rv:123.0) Gecko/20100101 Firefox/123.0\""}}
[info] [hosting] Cloud Run rewrite {"source":"**","run":{"serviceId":"flask-fire","region":"us-east1"}} triggered
[info] [hosting] Rewriting /favicon.ico to https://flask-fire-hwumdykvda-ue.a.run.app for Cloud Run service "flask-fire" for region "us-east1"
[debug] [2024-02-25T00:37:51.395Z] >>> [apiv2][query] GET https://flask-fire-hwumdykvda-ue.a.run.app/favicon.ico 
[info] i  hosting: ::1 - - [25/Feb/2024:00:37:51 +0000] "GET /favicon.ico HTTP/1.1" - - "http://localhost:5000/reviews/" "Mozilla/5.0 (Windows NT 10.0; Win64; x64; rv:123.0) Gecko/20100101 Firefox/123.0" {"metadata":{"emulator":{"name":"hosting"},"message":"::1 - - [25/Feb/2024:00:37:51 +0000] \"GET /favicon.ico HTTP/1.1\" - - \"http://localhost:5000/reviews/\" \"Mozilla/5.0 (Windows NT 10.0; Win64; x64; rv:123.0) Gecko/20100101 Firefox/123.0\""}}
[debug] [2024-02-25T00:37:51.450Z] <<< [apiv2][status] GET https://flask-fire-hwumdykvda-ue.a.run.app/favicon.ico 404
[debug] [2024-02-25T00:37:51.450Z] <<< [apiv2][body] GET https://flask-fire-hwumdykvda-ue.a.run.app/favicon.ico [stream]
[info] [hosting] Cloud Run rewrite {"source":"**","run":{"serviceId":"flask-fire","region":"us-east1"}} triggered
[info] [hosting] Rewriting /static/style.css to https://flask-fire-hwumdykvda-ue.a.run.app for Cloud Run service "flask-fire" for region "us-east1"
[debug] [2024-02-25T00:37:52.116Z] >>> [apiv2][query] GET https://flask-fire-hwumdykvda-ue.a.run.app/static/style.css 
[debug] [2024-02-25T00:37:52.169Z] <<< [apiv2][status] GET https://flask-fire-hwumdykvda-ue.a.run.app/static/style.css 304
[debug] [2024-02-25T00:37:52.169Z] <<< [apiv2][body] GET https://flask-fire-hwumdykvda-ue.a.run.app/static/style.css [stream]
[info] i  hosting: ::1 - - [25/Feb/2024:00:37:52 +0000] "GET /static/style.css HTTP/1.1" 304 - "http://localhost:5000/" "Mozilla/5.0 (Windows NT 10.0; Win64; x64; rv:123.0) Gecko/20100101 Firefox/123.0" {"metadata":{"emulator":{"name":"hosting"},"message":"::1 - - [25/Feb/2024:00:37:52 +0000] \"GET /static/style.css HTTP/1.1\" 304 - \"http://localhost:5000/\" \"Mozilla/5.0 (Windows NT 10.0; Win64; x64; rv:123.0) Gecko/20100101 Firefox/123.0\""}}
[debug] [2024-02-25T00:40:42.130Z] ----------------------------------------------------------------------
[debug] [2024-02-25T00:40:42.133Z] Command:       C:\Program Files\nodejs\node.exe C:\Users\Work\AppData\Roaming\npm\node_modules\firebase-tools\lib\bin\firebase.js serve
[debug] [2024-02-25T00:40:42.133Z] CLI Version:   12.4.6
[debug] [2024-02-25T00:40:42.133Z] Platform:      win32
[debug] [2024-02-25T00:40:42.134Z] Node Version:  v20.11.0
[debug] [2024-02-25T00:40:42.134Z] Time:          Sat Feb 24 2024 19:40:42 GMT-0500 (Eastern Standard Time)
[debug] [2024-02-25T00:40:42.134Z] ----------------------------------------------------------------------
[debug] 
[debug] [2024-02-25T00:40:42.221Z] > command requires scopes: ["email","openid","https://www.googleapis.com/auth/cloudplatformprojects.readonly","https://www.googleapis.com/auth/firebase","https://www.googleapis.com/auth/cloud-platform"]
[debug] [2024-02-25T00:40:42.222Z] > authorizing via signed-in user (stevenbenbooth@gmail.com)
[debug] [2024-02-25T00:40:42.222Z] [iam] checking project personal-website-fb949 for permissions ["firebase.projects.get"]
[debug] [2024-02-25T00:40:42.224Z] >>> [apiv2][query] POST https://cloudresourcemanager.googleapis.com/v1/projects/personal-website-fb949:testIamPermissions [none]
[debug] [2024-02-25T00:40:42.224Z] >>> [apiv2][(partial)header] POST https://cloudresourcemanager.googleapis.com/v1/projects/personal-website-fb949:testIamPermissions x-goog-quota-user=projects/personal-website-fb949
[debug] [2024-02-25T00:40:42.224Z] >>> [apiv2][body] POST https://cloudresourcemanager.googleapis.com/v1/projects/personal-website-fb949:testIamPermissions {"permissions":["firebase.projects.get"]}
[debug] [2024-02-25T00:40:42.489Z] <<< [apiv2][status] POST https://cloudresourcemanager.googleapis.com/v1/projects/personal-website-fb949:testIamPermissions 200
[debug] [2024-02-25T00:40:42.489Z] <<< [apiv2][body] POST https://cloudresourcemanager.googleapis.com/v1/projects/personal-website-fb949:testIamPermissions {"permissions":["firebase.projects.get"]}
[debug] [2024-02-25T00:40:42.490Z] >>> [apiv2][query] GET https://firebase.googleapis.com/v1beta1/projects/personal-website-fb949 [none]
[debug] [2024-02-25T00:40:42.804Z] <<< [apiv2][status] GET https://firebase.googleapis.com/v1beta1/projects/personal-website-fb949 200
[debug] [2024-02-25T00:40:42.804Z] <<< [apiv2][body] GET https://firebase.googleapis.com/v1beta1/projects/personal-website-fb949 {"projectId":"personal-website-fb949","projectNumber":"907733938444","displayName":"personal-website","name":"projects/personal-website-fb949","resources":{"hostingSite":"personal-website-fb949"},"state":"ACTIVE","etag":"1_06f88f6c-f754-4963-adf1-ef7b4bd382fa"}
[info] 
[info] === Serving from 'D:\dev\sites\steven-booth'...
[info] 
[debug] [2024-02-25T00:40:42.807Z] >>> [apiv2][query] GET https://firebasehosting.googleapis.com/v1beta1/projects/personal-website-fb949/sites 
[debug] [2024-02-25T00:40:43.144Z] <<< [apiv2][status] GET https://firebasehosting.googleapis.com/v1beta1/projects/personal-website-fb949/sites 200
[debug] [2024-02-25T00:40:43.144Z] <<< [apiv2][body] GET https://firebasehosting.googleapis.com/v1beta1/projects/personal-website-fb949/sites {"sites":[{"name":"projects/personal-website-fb949/sites/personal-website-fb949","defaultUrl":"https://personal-website-fb949.web.app","type":"DEFAULT_SITE"}]}
[debug] [2024-02-25T00:40:43.145Z] >>> [apiv2][query] GET https://firebase.googleapis.com/v1beta1/projects/personal-website-fb949/webApps/-/config [none]
[debug] [2024-02-25T00:40:43.497Z] <<< [apiv2][status] GET https://firebase.googleapis.com/v1beta1/projects/personal-website-fb949/webApps/-/config 200
[debug] [2024-02-25T00:40:43.497Z] <<< [apiv2][body] GET https://firebase.googleapis.com/v1beta1/projects/personal-website-fb949/webApps/-/config {"projectId":"personal-website-fb949","storageBucket":"personal-website-fb949.appspot.com","apiKey":"AIzaSyCbRh-8BXSfirs_1fimab1QHPFM0rn4AuI","authDomain":"personal-website-fb949.firebaseapp.com","messagingSenderId":"907733938444"}
[debug] [2024-02-25T00:40:43.501Z] >>> [apiv2][query] GET https://firebase.googleapis.com/v1beta1/projects/personal-website-fb949 [none]
[debug] [2024-02-25T00:40:43.674Z] <<< [apiv2][status] GET https://firebase.googleapis.com/v1beta1/projects/personal-website-fb949 200
[debug] [2024-02-25T00:40:43.674Z] <<< [apiv2][body] GET https://firebase.googleapis.com/v1beta1/projects/personal-website-fb949 {"projectId":"personal-website-fb949","projectNumber":"907733938444","displayName":"personal-website","name":"projects/personal-website-fb949","resources":{"hostingSite":"personal-website-fb949"},"state":"ACTIVE","etag":"1_06f88f6c-f754-4963-adf1-ef7b4bd382fa"}
[info] i  hosting[personal-website-fb949]: Serving hosting files from: static {"metadata":{"emulator":{"name":"hosting"},"message":"Serving hosting files from: \u001b[1mstatic\u001b[22m"}}
[info] +  hosting[personal-website-fb949]: Local server: http://localhost:5000 {"metadata":{"emulator":{"name":"hosting"},"message":"Local server: \u001b[4m\u001b[1mhttp://localhost:5000\u001b[22m\u001b[24m"}}
[info] [hosting] Cloud Run rewrite {"source":"**","run":{"serviceId":"flask-fire","region":"us-east1"}} triggered
[info] [hosting] Looking up Cloud Run service "/projects/personal-website-fb949/locations/us-east1/services/flask-fire" for its URL
[debug] [2024-02-25T00:40:48.938Z] >>> [apiv2][query] GET https://run.googleapis.com/v1/projects/personal-website-fb949/locations/us-east1/services/flask-fire [none]
[debug] [2024-02-25T00:40:49.239Z] <<< [apiv2][status] GET https://run.googleapis.com/v1/projects/personal-website-fb949/locations/us-east1/services/flask-fire 200
[debug] [2024-02-25T00:40:49.239Z] <<< [apiv2][body] GET https://run.googleapis.com/v1/projects/personal-website-fb949/locations/us-east1/services/flask-fire {"apiVersion":"serving.knative.dev/v1","kind":"Service","metadata":{"name":"flask-fire","namespace":"907733938444","selfLink":"/apis/serving.knative.dev/v1/namespaces/907733938444/services/flask-fire","uid":"cdf5c6fa-9f42-41d2-97ea-a11134f57555","resourceVersion":"AAYSKglEEFY","generation":3,"labels":{"cloud.googleapis.com/location":"us-east1"},"annotations":{"run.googleapis.com/client-name":"gcloud","serving.knative.dev/creator":"stevenbenbooth@gmail.com","serving.knative.dev/lastModifier":"stevenbenbooth@gmail.com","run.googleapis.com/client-version":"463.0.0","run.googleapis.com/operation-id":"c08bb348-a2f3-4b53-83f7-36766337df87","run.googleapis.com/ingress":"all","run.googleapis.com/ingress-status":"all"},"creationTimestamp":"2024-02-25T00:24:32.091098Z"},"spec":{"template":{"metadata":{"labels":{"client.knative.dev/nonce":"wqmtklokdi","run.googleapis.com/startupProbeType":"Default"},"annotations":{"run.googleapis.com/client-name":"gcloud","run.googleapis.com/client-version":"463.0.0","autoscaling.knative.dev/maxScale":"100","run.googleapis.com/startup-cpu-boost":"true"}},"spec":{"containerConcurrency":80,"timeoutSeconds":300,"serviceAccountName":"907733938444-compute@developer.gserviceaccount.com","containers":[{"image":"gcr.io/personal-website-fb949/flask-fire","resources":{"limits":{"cpu":"1000m","memory":"512Mi"}},"ports":[{"name":"http1","containerPort":8080}],"startupProbe":{"timeoutSeconds":240,"periodSeconds":240,"failureThreshold":1,"tcpSocket":{"port":8080}}}]}},"traffic":[{"percent":100,"latestRevision":true}]},"status":{"observedGeneration":3,"conditions":[{"type":"Ready","status":"True","lastTransitionTime":"2024-02-25T00:40:13.645910Z"},{"type":"ConfigurationsReady","status":"True","lastTransitionTime":"2024-02-25T00:24:32.639368Z"},{"type":"RoutesReady","status":"True","lastTransitionTime":"2024-02-25T00:40:13.577813Z"}],"latestReadyRevisionName":"flask-fire-00003-tff","latestCreatedRevisionName":"flask-fire-00003-tff","traffic":[{"revisionName":"flask-fire-00003-tff","percent":100,"latestRevision":true}],"url":"https://flask-fire-hwumdykvda-ue.a.run.app","address":{"url":"https://flask-fire-hwumdykvda-ue.a.run.app"}}}
[info] [hosting] Rewriting /static/style.css to https://flask-fire-hwumdykvda-ue.a.run.app for Cloud Run service "flask-fire" for region "us-east1"
[debug] [2024-02-25T00:40:49.241Z] >>> [apiv2][query] GET https://flask-fire-hwumdykvda-ue.a.run.app/static/style.css 
[debug] [2024-02-25T00:40:49.347Z] <<< [apiv2][status] GET https://flask-fire-hwumdykvda-ue.a.run.app/static/style.css 200
[debug] [2024-02-25T00:40:49.347Z] <<< [apiv2][body] GET https://flask-fire-hwumdykvda-ue.a.run.app/static/style.css [stream]
[info] i  hosting: ::1 - - [25/Feb/2024:00:40:49 +0000] "GET /static/style.css HTTP/1.1" 200 520 "http://localhost:5000/" "Mozilla/5.0 (Windows NT 10.0; Win64; x64; rv:123.0) Gecko/20100101 Firefox/123.0" {"metadata":{"emulator":{"name":"hosting"},"message":"::1 - - [25/Feb/2024:00:40:49 +0000] \"GET /static/style.css HTTP/1.1\" 200 520 \"http://localhost:5000/\" \"Mozilla/5.0 (Windows NT 10.0; Win64; x64; rv:123.0) Gecko/20100101 Firefox/123.0\""}}
[info] i  hosting: ::1 - - [25/Feb/2024:00:40:50 +0000] "GET /reviews/ HTTP/1.1" - - "http://localhost:5000/" "Mozilla/5.0 (Windows NT 10.0; Win64; x64; rv:123.0) Gecko/20100101 Firefox/123.0" {"metadata":{"emulator":{"name":"hosting"},"message":"::1 - - [25/Feb/2024:00:40:50 +0000] \"GET /reviews/ HTTP/1.1\" - - \"http://localhost:5000/\" \"Mozilla/5.0 (Windows NT 10.0; Win64; x64; rv:123.0) Gecko/20100101 Firefox/123.0\""}}
[info] [hosting] Cloud Run rewrite {"source":"**","run":{"serviceId":"flask-fire","region":"us-east1"}} triggered
[info] [hosting] Rewriting /reviews/ to https://flask-fire-hwumdykvda-ue.a.run.app for Cloud Run service "flask-fire" for region "us-east1"
[debug] [2024-02-25T00:40:50.187Z] >>> [apiv2][query] GET https://flask-fire-hwumdykvda-ue.a.run.app/reviews/ 
[info] [hosting] Cloud Run rewrite {"source":"**","run":{"serviceId":"flask-fire","region":"us-east1"}} triggered
[info] [hosting] Rewriting /static/style.css to https://flask-fire-hwumdykvda-ue.a.run.app for Cloud Run service "flask-fire" for region "us-east1"
[debug] [2024-02-25T00:40:50.215Z] >>> [apiv2][query] GET https://flask-fire-hwumdykvda-ue.a.run.app/static/style.css 
[debug] [2024-02-25T00:40:50.279Z] <<< [apiv2][status] GET https://flask-fire-hwumdykvda-ue.a.run.app/reviews/ 200
[debug] [2024-02-25T00:40:50.279Z] <<< [apiv2][body] GET https://flask-fire-hwumdykvda-ue.a.run.app/reviews/ [stream]
[debug] [2024-02-25T00:40:50.301Z] <<< [apiv2][status] GET https://flask-fire-hwumdykvda-ue.a.run.app/static/style.css 304
[debug] [2024-02-25T00:40:50.301Z] <<< [apiv2][body] GET https://flask-fire-hwumdykvda-ue.a.run.app/static/style.css [stream]
[info] i  hosting: ::1 - - [25/Feb/2024:00:40:50 +0000] "GET /static/style.css HTTP/1.1" 304 - "http://localhost:5000/reviews/" "Mozilla/5.0 (Windows NT 10.0; Win64; x64; rv:123.0) Gecko/20100101 Firefox/123.0" {"metadata":{"emulator":{"name":"hosting"},"message":"::1 - - [25/Feb/2024:00:40:50 +0000] \"GET /static/style.css HTTP/1.1\" 304 - \"http://localhost:5000/reviews/\" \"Mozilla/5.0 (Windows NT 10.0; Win64; x64; rv:123.0) Gecko/20100101 Firefox/123.0\""}}
[info] i  hosting: ::1 - - [25/Feb/2024:00:40:50 +0000] "GET /favicon.ico HTTP/1.1" - - "http://localhost:5000/reviews/" "Mozilla/5.0 (Windows NT 10.0; Win64; x64; rv:123.0) Gecko/20100101 Firefox/123.0" {"metadata":{"emulator":{"name":"hosting"},"message":"::1 - - [25/Feb/2024:00:40:50 +0000] \"GET /favicon.ico HTTP/1.1\" - - \"http://localhost:5000/reviews/\" \"Mozilla/5.0 (Windows NT 10.0; Win64; x64; rv:123.0) Gecko/20100101 Firefox/123.0\""}}
[info] [hosting] Cloud Run rewrite {"source":"**","run":{"serviceId":"flask-fire","region":"us-east1"}} triggered
[info] [hosting] Rewriting /favicon.ico to https://flask-fire-hwumdykvda-ue.a.run.app for Cloud Run service "flask-fire" for region "us-east1"
[debug] [2024-02-25T00:40:50.356Z] >>> [apiv2][query] GET https://flask-fire-hwumdykvda-ue.a.run.app/favicon.ico 
[debug] [2024-02-25T00:40:50.405Z] <<< [apiv2][status] GET https://flask-fire-hwumdykvda-ue.a.run.app/favicon.ico 404
[debug] [2024-02-25T00:40:50.406Z] <<< [apiv2][body] GET https://flask-fire-hwumdykvda-ue.a.run.app/favicon.ico [stream]
[info] [hosting] Cloud Run rewrite {"source":"**","run":{"serviceId":"flask-fire","region":"us-east1"}} triggered
[info] [hosting] Rewriting /static/style.css to https://flask-fire-hwumdykvda-ue.a.run.app for Cloud Run service "flask-fire" for region "us-east1"
[debug] [2024-02-25T00:40:52.583Z] >>> [apiv2][query] GET https://flask-fire-hwumdykvda-ue.a.run.app/static/style.css 
[debug] [2024-02-25T00:40:52.638Z] <<< [apiv2][status] GET https://flask-fire-hwumdykvda-ue.a.run.app/static/style.css 304
[debug] [2024-02-25T00:40:52.638Z] <<< [apiv2][body] GET https://flask-fire-hwumdykvda-ue.a.run.app/static/style.css [stream]
[info] i  hosting: ::1 - - [25/Feb/2024:00:40:52 +0000] "GET /static/style.css HTTP/1.1" 304 - "http://localhost:5000/" "Mozilla/5.0 (Windows NT 10.0; Win64; x64; rv:123.0) Gecko/20100101 Firefox/123.0" {"metadata":{"emulator":{"name":"hosting"},"message":"::1 - - [25/Feb/2024:00:40:52 +0000] \"GET /static/style.css HTTP/1.1\" 304 - \"http://localhost:5000/\" \"Mozilla/5.0 (Windows NT 10.0; Win64; x64; rv:123.0) Gecko/20100101 Firefox/123.0\""}}
